:47:39 PM [express] serving on port 5000
4:47:40 PM [vite] Loading client template from: /home/runner/workspace/TestCaseTracker/client/index.html
4:47:40 PM [vite] Loading client template from: /home/runner/workspace/TestCaseTracker/client/index.html
Error:   Failed to scan for dependencies from entries:
  /home/runner/workspace/TestCaseTracker/client/index.html

  ✘ [ERROR] No matching export in "client/src/components/ui/navadhiti-logo.tsx" for import "NavaDhitiLogo"

    client/src/pages/forgot-password.tsx:2:9:
      2 │ import { NavaDhitiLogo } from "@/components/ui/navadhiti-logo";
        │          ~~~~~~~~~~~~~
        ╵          NavadhitiLogo

  Did you mean to import "NavadhitiLogo" instead?

    client/src/components/ui/navadhiti-logo.tsx:9:13:
      9 │ export const NavadhitiLogo: React.FC<NavadhitiLogoProps> = ({ 
        ╵              ~~~~~~~~~~~~~


✘ [ERROR] No matching export in "client/src/components/ui/navadhiti-logo.tsx" for import "NavaDhitiLogo"

    client/src/pages/login.tsx:2:9:
      2 │ import { NavaDhitiLogo } from "@/components/ui/navadhiti-logo";
        │          ~~~~~~~~~~~~~
        ╵          NavadhitiLogo

  Did you mean to import "NavadhitiLogo" instead?

    client/src/components/ui/navadhiti-logo.tsx:9:13:
      9 │ export const NavadhitiLogo: React.FC<NavadhitiLogoProps> = ({ 
        ╵              ~~~~~~~~~~~~~


✘ [ERROR] No matching export in "client/src/components/ui/navadhiti-logo.tsx" for import "NavaDhitiLogo"

    client/src/pages/register.tsx:2:9:
      2 │ import { NavaDhitiLogo } from "@/components/ui/navadhiti-logo";
        │          ~~~~~~~~~~~~~
        ╵          NavadhitiLogo

  Did you mean to import "NavadhitiLogo" instead?

    client/src/components/ui/navadhiti-logo.tsx:9:13:
      9 │ export const NavadhitiLogo: React.FC<NavadhitiLogoProps> = ({ 
        ╵              ~~~~~~~~~~~~~


    at failureErrorWithLog (/home/runner/workspace/TestCaseTracker/node_modules/vite/node_modules/esbuild/lib/main.js:1472:15)
    at /home/runner/workspace/TestCaseTracker/node_